This file contains any messages produced by compilers while
running configure, to aid debugging if configure makes a mistake.

It was created by Darkbot configure 8rc2, which was
generated by GNU Autoconf 2.69.  Invocation command line was

  $ ./configure 

## --------- ##
## Platform. ##
## --------- ##

hostname = spidermanron
uname -m = x86_64
uname -r = 3.1.4(0.340/5/3)
uname -s = CYGWIN_NT-6.3
uname -v = 2020-02-19 08:49

/usr/bin/uname -p = unknown
/bin/uname -X     = unknown

/bin/arch              = x86_64
/usr/bin/arch -k       = unknown
/usr/convex/getsysinfo = unknown
/usr/bin/hostinfo      = unknown
/bin/machine           = unknown
/usr/bin/oslevel       = unknown
/bin/universe          = unknown

PATH: /usr/local/bin
PATH: /usr/bin
PATH: /cygdrive/c/Program Files (x86)/AMD APP/bin/x86_64
PATH: /cygdrive/c/Program Files (x86)/AMD APP/bin/x86
PATH: /cygdrive/c/WINDOWS/system32
PATH: /cygdrive/c/WINDOWS
PATH: /cygdrive/c/WINDOWS/System32/Wbem
PATH: /cygdrive/c/WINDOWS/System32/WindowsPowerShell/v1.0
PATH: /cygdrive/c/Program Files (x86)/ATI Technologies/ATI.ACE/Core-Static
PATH: /cygdrive/c/Program Files (x86)/Windows Live/Shared
PATH: /cygdrive/c/WINDOWS/system32/config/systemprofile/.dnx/bin
PATH: /cygdrive/c/Program Files/Microsoft DNX/Dnvm
PATH: /cygdrive/c/Program Files/Microsoft SQL Server/120/Tools/Binn
PATH: /cygdrive/c/Program Files (x86)/Windows Kits/10/Windows Performance Toolkit
PATH: /cygdrive/c/Program Files (x86)/nodejs
PATH: /cygdrive/c/Program Files/Git/cmd
PATH: /cygdrive/c/Users/Ronald/AppData/Roaming/npm


## ----------- ##
## Core tests. ##
## ----------- ##

configure:2212: checking whether to enable maintainer-specific portions of Makefiles
configure:2221: result: no
configure:2284: checking for a BSD-compatible install
configure:2352: result: /usr/bin/install -c
configure:2363: checking whether build environment is sane
configure:2400: result: yes
configure:2430: checking for gawk
configure:2446: found /usr/bin/gawk
configure:2457: result: gawk
configure:2468: checking whether make sets $(MAKE)
configure:2490: result: yes
configure:2713: checking for gcc
configure:2729: found /usr/bin/gcc
configure:2740: result: gcc
configure:2969: checking for C compiler version
configure:2978: gcc --version >&5
gcc (GCC) 9.3.0
Copyright (C) 2019 Free Software Foundation, Inc.
This is free software; see the source for copying conditions.  There is NO
warranty; not even for MERCHANTABILITY or FITNESS FOR A PARTICULAR PURPOSE.

configure:2989: $? = 0
configure:2978: gcc -v >&5
Using built-in specs.
COLLECT_GCC=gcc
COLLECT_LTO_WRAPPER=/usr/lib/gcc/x86_64-pc-cygwin/9.3.0/lto-wrapper.exe
Target: x86_64-pc-cygwin
Configured with: /cygdrive/i/szsz/tmpp/gcc/gcc-9.3.0-1.x86_64/src/gcc-9.3.0/configure --srcdir=/cygdrive/i/szsz/tmpp/gcc/gcc-9.3.0-1.x86_64/src/gcc-9.3.0 --prefix=/usr --exec-prefix=/usr --localstatedir=/var --sysconfdir=/etc --docdir=/usr/share/doc/gcc --htmldir=/usr/share/doc/gcc/html -C --build=x86_64-pc-cygwin --host=x86_64-pc-cygwin --target=x86_64-pc-cygwin --without-libiconv-prefix --without-libintl-prefix --libexecdir=/usr/lib --enable-shared --enable-shared-libgcc --enable-static --enable-version-specific-runtime-libs --enable-bootstrap --enable-__cxa_atexit --with-dwarf2 --with-tune=generic --enable-languages=c,c++,fortran,lto,objc,obj-c++ --enable-graphite --enable-threads=posix --enable-libatomic --enable-libgomp --enable-libquadmath --enable-libquadmath-support --disable-libssp --enable-libada --disable-symvers --with-gnu-ld --with-gnu-as --with-cloog-include=/usr/include/cloog-isl --without-libiconv-prefix --without-libintl-prefix --with-system-zlib --enable-linker-build-id --with-default-libstdcxx-abi=gcc4-compatible --enable-libstdcxx-filesystem-ts
Thread model: posix
gcc version 9.3.0 (GCC) 
configure:2989: $? = 0
configure:2978: gcc -V >&5
gcc: error: unrecognized command line option '-V'
gcc: fatal error: no input files
compilation terminated.
configure:2989: $? = 1
configure:2978: gcc -qversion >&5
gcc: error: unrecognized command line option '-qversion'; did you mean '--version'?
gcc: fatal error: no input files
compilation terminated.
configure:2989: $? = 1
configure:3009: checking whether the C compiler works
configure:3031: gcc    conftest.c  >&5
configure:3035: $? = 0
configure:3083: result: yes
configure:3086: checking for C compiler default output file name
configure:3088: result: a.exe
configure:3094: checking for suffix of executables
configure:3101: gcc -o conftest.exe    conftest.c  >&5
configure:3105: $? = 0
configure:3127: result: .exe
configure:3149: checking whether we are cross compiling
configure:3157: gcc -o conftest.exe    conftest.c  >&5
configure:3161: $? = 0
configure:3168: ./conftest.exe
configure:3172: $? = 0
configure:3187: result: no
configure:3192: checking for suffix of object files
configure:3214: gcc -c   conftest.c >&5
configure:3218: $? = 0
configure:3239: result: o
configure:3243: checking whether we are using the GNU C compiler
configure:3262: gcc -c   conftest.c >&5
configure:3262: $? = 0
configure:3271: result: yes
configure:3280: checking whether gcc accepts -g
configure:3300: gcc -c -g  conftest.c >&5
configure:3300: $? = 0
configure:3341: result: yes
configure:3358: checking for gcc option to accept ISO C89
configure:3421: gcc  -c -g -O2  conftest.c >&5
configure:3421: $? = 0
configure:3434: result: none needed
configure:3465: checking for style of include used by make
configure:3493: result: GNU
configure:3521: checking dependency style of gcc
configure:3604: result: gcc3
configure:3622: checking whether make sets $(MAKE)
configure:3644: result: yes
configure:3655: checking for rm
configure:3673: found /usr/bin/rm
configure:3685: result: /usr/bin/rm
configure:3695: checking for cp
configure:3713: found /usr/bin/cp
configure:3725: result: /usr/bin/cp
configure:3735: checking for main in -lcrypt
configure:3754: gcc -o conftest.exe -g -O2   conftest.c -lcrypt   >&5
/usr/lib/gcc/x86_64-pc-cygwin/9.3.0/../../../../x86_64-pc-cygwin/bin/ld: cannot find -lcrypt
collect2: error: ld returned 1 exit status
configure:3754: $? = 1
configure: failed program was:
| /* confdefs.h */
| #define PACKAGE_NAME "Darkbot"
| #define PACKAGE_TARNAME "darkbot"
| #define PACKAGE_VERSION "8rc2"
| #define PACKAGE_STRING "Darkbot 8rc2"
| #define PACKAGE_BUGREPORT "rnrbbns1983@gmail.com"
| #define PACKAGE_URL ""
| #define PACKAGE "darkbot"
| #define VERSION "8rc2"
| /* end confdefs.h.  */
| 
| 
| int
| main ()
| {
| return main ();
|   ;
|   return 0;
| }
configure:3763: result: no
configure:3774: checking for main in -luser32
configure:3793: gcc -o conftest.exe -g -O2   conftest.c -luser32   >&5
configure:3793: $? = 0
configure:3802: result: yes
configure:3819: checking how to run the C preprocessor
configure:3850: gcc -E  conftest.c
configure:3850: $? = 0
configure:3864: gcc -E  conftest.c
conftest.c:12:10: fatal error: ac_nonexistent.h: No such file or directory
   12 | #include <ac_nonexistent.h>
      |          ^~~~~~~~~~~~~~~~~~
compilation terminated.
configure:3864: $? = 1
configure: failed program was:
| /* confdefs.h */
| #define PACKAGE_NAME "Darkbot"
| #define PACKAGE_TARNAME "darkbot"
| #define PACKAGE_VERSION "8rc2"
| #define PACKAGE_STRING "Darkbot 8rc2"
| #define PACKAGE_BUGREPORT "rnrbbns1983@gmail.com"
| #define PACKAGE_URL ""
| #define PACKAGE "darkbot"
| #define VERSION "8rc2"
| #define HAVE_LIBUSER32 1
| /* end confdefs.h.  */
| #include <ac_nonexistent.h>
configure:3889: result: gcc -E
configure:3909: gcc -E  conftest.c
configure:3909: $? = 0
configure:3923: gcc -E  conftest.c
conftest.c:12:10: fatal error: ac_nonexistent.h: No such file or directory
   12 | #include <ac_nonexistent.h>
      |          ^~~~~~~~~~~~~~~~~~
compilation terminated.
configure:3923: $? = 1
configure: failed program was:
| /* confdefs.h */
| #define PACKAGE_NAME "Darkbot"
| #define PACKAGE_TARNAME "darkbot"
| #define PACKAGE_VERSION "8rc2"
| #define PACKAGE_STRING "Darkbot 8rc2"
| #define PACKAGE_BUGREPORT "rnrbbns1983@gmail.com"
| #define PACKAGE_URL ""
| #define PACKAGE "darkbot"
| #define VERSION "8rc2"
| #define HAVE_LIBUSER32 1
| /* end confdefs.h.  */
| #include <ac_nonexistent.h>
configure:3952: checking for grep that handles long lines and -e
configure:4010: result: /usr/bin/grep
configure:4015: checking for egrep
configure:4077: result: /usr/bin/grep -E
configure:4082: checking for ANSI C header files
configure:4102: gcc -c -g -O2  conftest.c >&5
configure:4102: $? = 0
configure:4175: gcc -o conftest.exe -g -O2   conftest.c -luser32  >&5
configure:4175: $? = 0
configure:4175: ./conftest.exe
configure:4175: $? = 0
configure:4186: result: yes
configure:4199: checking for sys/types.h
configure:4199: gcc -c -g -O2  conftest.c >&5
configure:4199: $? = 0
configure:4199: result: yes
configure:4199: checking for sys/stat.h
configure:4199: gcc -c -g -O2  conftest.c >&5
configure:4199: $? = 0
configure:4199: result: yes
configure:4199: checking for stdlib.h
configure:4199: gcc -c -g -O2  conftest.c >&5
configure:4199: $? = 0
configure:4199: result: yes
configure:4199: checking for string.h
configure:4199: gcc -c -g -O2  conftest.c >&5
configure:4199: $? = 0
configure:4199: result: yes
configure:4199: checking for memory.h
configure:4199: gcc -c -g -O2  conftest.c >&5
configure:4199: $? = 0
configure:4199: result: yes
configure:4199: checking for strings.h
configure:4199: gcc -c -g -O2  conftest.c >&5
configure:4199: $? = 0
configure:4199: result: yes
configure:4199: checking for inttypes.h
configure:4199: gcc -c -g -O2  conftest.c >&5
configure:4199: $? = 0
configure:4199: result: yes
configure:4199: checking for stdint.h
configure:4199: gcc -c -g -O2  conftest.c >&5
configure:4199: $? = 0
configure:4199: result: yes
configure:4199: checking for unistd.h
configure:4199: gcc -c -g -O2  conftest.c >&5
configure:4199: $? = 0
configure:4199: result: yes
configure:4211: checking for clock_t size_t
configure:4211: gcc -c -g -O2  conftest.c >&5
conftest.c: In function 'main':
conftest.c:58:20: error: expected ')' before 'size_t'
   58 | if (sizeof (clock_t size_t))
      |            ~       ^~~~~~~
      |                    )
configure:4211: $? = 1
configure: failed program was:
| /* confdefs.h */
| #define PACKAGE_NAME "Darkbot"
| #define PACKAGE_TARNAME "darkbot"
| #define PACKAGE_VERSION "8rc2"
| #define PACKAGE_STRING "Darkbot 8rc2"
| #define PACKAGE_BUGREPORT "rnrbbns1983@gmail.com"
| #define PACKAGE_URL ""
| #define PACKAGE "darkbot"
| #define VERSION "8rc2"
| #define HAVE_LIBUSER32 1
| #define STDC_HEADERS 1
| #define HAVE_SYS_TYPES_H 1
| #define HAVE_SYS_STAT_H 1
| #define HAVE_STDLIB_H 1
| #define HAVE_STRING_H 1
| #define HAVE_MEMORY_H 1
| #define HAVE_STRINGS_H 1
| #define HAVE_INTTYPES_H 1
| #define HAVE_STDINT_H 1
| #define HAVE_UNISTD_H 1
| /* end confdefs.h.  */
| #include <stdio.h>
| #ifdef HAVE_SYS_TYPES_H
| # include <sys/types.h>
| #endif
| #ifdef HAVE_SYS_STAT_H
| # include <sys/stat.h>
| #endif
| #ifdef STDC_HEADERS
| # include <stdlib.h>
| # include <stddef.h>
| #else
| # ifdef HAVE_STDLIB_H
| #  include <stdlib.h>
| # endif
| #endif
| #ifdef HAVE_STRING_H
| # if !defined STDC_HEADERS && defined HAVE_MEMORY_H
| #  include <memory.h>
| # endif
| # include <string.h>
| #endif
| #ifdef HAVE_STRINGS_H
| # include <strings.h>
| #endif
| #ifdef HAVE_INTTYPES_H
| # include <inttypes.h>
| #endif
| #ifdef HAVE_STDINT_H
| # include <stdint.h>
| #endif
| #ifdef HAVE_UNISTD_H
| # include <unistd.h>
| #endif
| int
| main ()
| {
| if (sizeof (clock_t size_t))
| 	 return 0;
|   ;
|   return 0;
| }
configure:4211: result: no
configure:4225: checking for dirent.h that defines DIR
configure:4244: gcc -c -g -O2  conftest.c >&5
configure:4244: $? = 0
configure:4252: result: yes
configure:4265: checking for library containing opendir
configure:4296: gcc -o conftest.exe -g -O2   conftest.c -luser32  >&5
configure:4296: $? = 0
configure:4313: result: none required
configure:4380: checking for ANSI C header files
configure:4484: result: yes
configure:4496: checking fcntl.h usability
configure:4496: gcc -c -g -O2  conftest.c >&5
configure:4496: $? = 0
configure:4496: result: yes
configure:4496: checking fcntl.h presence
configure:4496: gcc -E  conftest.c
configure:4496: $? = 0
configure:4496: result: yes
configure:4496: checking for fcntl.h
configure:4496: result: yes
configure:4496: checking sys/time.h usability
configure:4496: gcc -c -g -O2  conftest.c >&5
configure:4496: $? = 0
configure:4496: result: yes
configure:4496: checking sys/time.h presence
configure:4496: gcc -E  conftest.c
configure:4496: $? = 0
configure:4496: result: yes
configure:4496: checking for sys/time.h
configure:4496: result: yes
configure:4496: checking for unistd.h
configure:4496: result: yes
configure:4506: checking windows.h usability
configure:4506: gcc -c -g -O2  conftest.c >&5
configure:4506: $? = 0
configure:4506: result: yes
configure:4506: checking windows.h presence
configure:4506: gcc -E  conftest.c
configure:4506: $? = 0
configure:4506: result: yes
configure:4506: checking for windows.h
configure:4506: result: yes
configure:4515: checking for an ANSI C-conforming const
configure:4581: gcc -c -g -O2  conftest.c >&5
configure:4581: $? = 0
configure:4588: result: yes
configure:4597: checking whether time.h and sys/time.h may both be included
configure:4617: gcc -c -g -O2  conftest.c >&5
configure:4617: $? = 0
configure:4624: result: yes
configure:4633: checking return type of signal handlers
configure:4651: gcc -c -g -O2  conftest.c >&5
conftest.c: In function 'main':
conftest.c:35:10: error: void value not ignored as it ought to be
   35 | return *(signal (0, 0)) (0) == 1;
      |         ~^~~~~~~~~~~~~~~~~~
configure:4651: $? = 1
configure: failed program was:
| /* confdefs.h */
| #define PACKAGE_NAME "Darkbot"
| #define PACKAGE_TARNAME "darkbot"
| #define PACKAGE_VERSION "8rc2"
| #define PACKAGE_STRING "Darkbot 8rc2"
| #define PACKAGE_BUGREPORT "rnrbbns1983@gmail.com"
| #define PACKAGE_URL ""
| #define PACKAGE "darkbot"
| #define VERSION "8rc2"
| #define HAVE_LIBUSER32 1
| #define STDC_HEADERS 1
| #define HAVE_SYS_TYPES_H 1
| #define HAVE_SYS_STAT_H 1
| #define HAVE_STDLIB_H 1
| #define HAVE_STRING_H 1
| #define HAVE_MEMORY_H 1
| #define HAVE_STRINGS_H 1
| #define HAVE_INTTYPES_H 1
| #define HAVE_STDINT_H 1
| #define HAVE_UNISTD_H 1
| #define HAVE_DIRENT_H 1
| #define STDC_HEADERS 1
| #define HAVE_FCNTL_H 1
| #define HAVE_SYS_TIME_H 1
| #define HAVE_UNISTD_H 1
| #define WIN32 /**/
| #define TIME_WITH_SYS_TIME 1
| /* end confdefs.h.  */
| #include <sys/types.h>
| #include <signal.h>
| 
| int
| main ()
| {
| return *(signal (0, 0)) (0) == 1;
|   ;
|   return 0;
| }
configure:4658: result: void
configure:4668: checking for vprintf
configure:4668: gcc -o conftest.exe -g -O2   conftest.c -luser32  >&5
conftest.c:53:6: warning: conflicting types for built-in function 'vprintf'; expected 'int(const char *, char *)' [-Wbuiltin-declaration-mismatch]
   53 | char vprintf ();
      |      ^~~~~~~
conftest.c:41:1: note: 'vprintf' is declared in header '<stdio.h>'
   40 | # include <limits.h>
   41 | #else
configure:4668: $? = 0
configure:4668: result: yes
configure:4674: checking for _doprnt
configure:4674: gcc -o conftest.exe -g -O2   conftest.c -luser32  >&5
/usr/lib/gcc/x86_64-pc-cygwin/9.3.0/../../../../x86_64-pc-cygwin/bin/ld: /tmp/ccU6QGGU.o: in function `main':
/home/Ronald/darkbot/conftest.c:65: undefined reference to `_doprnt'
/home/Ronald/darkbot/conftest.c:65:(.text.startup+0xa): relocation truncated to fit: R_X86_64_PC32 against undefined symbol `_doprnt'
collect2: error: ld returned 1 exit status
configure:4674: $? = 1
configure: failed program was:
| /* confdefs.h */
| #define PACKAGE_NAME "Darkbot"
| #define PACKAGE_TARNAME "darkbot"
| #define PACKAGE_VERSION "8rc2"
| #define PACKAGE_STRING "Darkbot 8rc2"
| #define PACKAGE_BUGREPORT "rnrbbns1983@gmail.com"
| #define PACKAGE_URL ""
| #define PACKAGE "darkbot"
| #define VERSION "8rc2"
| #define HAVE_LIBUSER32 1
| #define STDC_HEADERS 1
| #define HAVE_SYS_TYPES_H 1
| #define HAVE_SYS_STAT_H 1
| #define HAVE_STDLIB_H 1
| #define HAVE_STRING_H 1
| #define HAVE_MEMORY_H 1
| #define HAVE_STRINGS_H 1
| #define HAVE_INTTYPES_H 1
| #define HAVE_STDINT_H 1
| #define HAVE_UNISTD_H 1
| #define HAVE_DIRENT_H 1
| #define STDC_HEADERS 1
| #define HAVE_FCNTL_H 1
| #define HAVE_SYS_TIME_H 1
| #define HAVE_UNISTD_H 1
| #define WIN32 /**/
| #define TIME_WITH_SYS_TIME 1
| #define RETSIGTYPE void
| #define HAVE_VPRINTF 1
| /* end confdefs.h.  */
| /* Define _doprnt to an innocuous variant, in case <limits.h> declares _doprnt.
|    For example, HP-UX 11i <limits.h> declares gettimeofday.  */
| #define _doprnt innocuous__doprnt
| 
| /* System header to define __stub macros and hopefully few prototypes,
|     which can conflict with char _doprnt (); below.
|     Prefer <limits.h> to <assert.h> if __STDC__ is defined, since
|     <limits.h> exists even on freestanding compilers.  */
| 
| #ifdef __STDC__
| # include <limits.h>
| #else
| # include <assert.h>
| #endif
| 
| #undef _doprnt
| 
| /* Override any GCC internal prototype to avoid an error.
|    Use char because int might match the return type of a GCC
|    builtin and then its argument prototype would still apply.  */
| #ifdef __cplusplus
| extern "C"
| #endif
| char _doprnt ();
| /* The GNU C library defines this for functions which it implements
|     to always fail with ENOSYS.  Some functions are actually named
|     something starting with __ and the normal name is an alias.  */
| #if defined __stub__doprnt || defined __stub____doprnt
| choke me
| #endif
| 
| int
| main ()
| {
| return _doprnt ();
|   ;
|   return 0;
| }
configure:4674: result: no
configure:4688: checking for select
configure:4688: gcc -o conftest.exe -g -O2   conftest.c -luser32  >&5
configure:4688: $? = 0
configure:4688: result: yes
configure:4688: checking for socket
configure:4688: gcc -o conftest.exe -g -O2   conftest.c -luser32  >&5
configure:4688: $? = 0
configure:4688: result: yes
configure:4688: checking for strspn
configure:4688: gcc -o conftest.exe -g -O2   conftest.c -luser32  >&5
conftest.c:56:6: warning: conflicting types for built-in function 'strspn'; expected 'long unsigned int(const char *, const char *)' [-Wbuiltin-declaration-mismatch]
   56 | char strspn ();
      |      ^~~~~~
conftest.c:44:1: note: 'strspn' is declared in header '<string.h>'
   43 | # include <limits.h>
   44 | #else
configure:4688: $? = 0
configure:4688: result: yes
configure:4688: checking for strstr
configure:4688: gcc -o conftest.exe -g -O2   conftest.c -luser32  >&5
conftest.c:57:6: warning: conflicting types for built-in function 'strstr'; expected 'char *(const char *, const char *)' [-Wbuiltin-declaration-mismatch]
   57 | char strstr ();
      |      ^~~~~~
conftest.c:45:1: note: 'strstr' is declared in header '<string.h>'
   44 | # include <limits.h>
   45 | #else
configure:4688: $? = 0
configure:4688: result: yes
configure:4688: checking for strtol
configure:4688: gcc -o conftest.exe -g -O2   conftest.c -luser32  >&5
configure:4688: $? = 0
configure:4688: result: yes
configure:4688: checking for snprintf
configure:4688: gcc -o conftest.exe -g -O2   conftest.c -luser32  >&5
conftest.c:59:6: warning: conflicting types for built-in function 'snprintf'; expected 'int(char *, long unsigned int,  const char *, ...)' [-Wbuiltin-declaration-mismatch]
   59 | char snprintf ();
      |      ^~~~~~~~
conftest.c:47:1: note: 'snprintf' is declared in header '<stdio.h>'
   46 | # include <limits.h>
   47 | #else
configure:4688: $? = 0
configure:4688: result: yes
configure:4830: creating ./config.status

## ---------------------- ##
## Running config.status. ##
## ---------------------- ##

This file was extended by Darkbot config.status 8rc2, which was
generated by GNU Autoconf 2.69.  Invocation command line was

  CONFIG_FILES    = 
  CONFIG_HEADERS  = 
  CONFIG_LINKS    = 
  CONFIG_COMMANDS = 
  $ ./config.status 

on spidermanron

config.status:862: creating source/Makefile
config.status:862: creating Makefile
config.status:862: creating source/config.h
config.status:1084: executing depfiles commands

## ---------------- ##
## Cache variables. ##
## ---------------- ##

ac_cv_c_compiler_gnu=yes
ac_cv_c_const=yes
ac_cv_env_CC_set=
ac_cv_env_CC_value=
ac_cv_env_CFLAGS_set=
ac_cv_env_CFLAGS_value=
ac_cv_env_CPPFLAGS_set=
ac_cv_env_CPPFLAGS_value=
ac_cv_env_CPP_set=
ac_cv_env_CPP_value=
ac_cv_env_LDFLAGS_set=
ac_cv_env_LDFLAGS_value=
ac_cv_env_LIBS_set=
ac_cv_env_LIBS_value=
ac_cv_env_build_alias_set=
ac_cv_env_build_alias_value=
ac_cv_env_host_alias_set=
ac_cv_env_host_alias_value=
ac_cv_env_target_alias_set=
ac_cv_env_target_alias_value=
ac_cv_exeext=.exe
ac_cv_func__doprnt=no
ac_cv_func_select=yes
ac_cv_func_snprintf=yes
ac_cv_func_socket=yes
ac_cv_func_strspn=yes
ac_cv_func_strstr=yes
ac_cv_func_strtol=yes
ac_cv_func_vprintf=yes
ac_cv_header_dirent_dirent_h=yes
ac_cv_header_fcntl_h=yes
ac_cv_header_inttypes_h=yes
ac_cv_header_memory_h=yes
ac_cv_header_stdc=yes
ac_cv_header_stdint_h=yes
ac_cv_header_stdlib_h=yes
ac_cv_header_string_h=yes
ac_cv_header_strings_h=yes
ac_cv_header_sys_stat_h=yes
ac_cv_header_sys_time_h=yes
ac_cv_header_sys_types_h=yes
ac_cv_header_time=yes
ac_cv_header_unistd_h=yes
ac_cv_header_windows_h=yes
ac_cv_lib_crypt_main=no
ac_cv_lib_user32_main=yes
ac_cv_objext=o
ac_cv_path_CP=/usr/bin/cp
ac_cv_path_EGREP='/usr/bin/grep -E'
ac_cv_path_GREP=/usr/bin/grep
ac_cv_path_RM=/usr/bin/rm
ac_cv_path_install='/usr/bin/install -c'
ac_cv_prog_AWK=gawk
ac_cv_prog_CPP='gcc -E'
ac_cv_prog_ac_ct_CC=gcc
ac_cv_prog_cc_c89=
ac_cv_prog_cc_g=yes
ac_cv_prog_make_make_set=yes
ac_cv_search_opendir='none required'
ac_cv_type_clock_t_size_t=no
ac_cv_type_signal=void
am_cv_CC_dependencies_compiler_type=gcc3

## ----------------- ##
## Output variables. ##
## ----------------- ##

ACLOCAL='${SHELL} /home/Ronald/darkbot/missing --run aclocal-1.7'
AMDEPBACKSLASH='\'
AMDEP_FALSE='#'
AMDEP_TRUE=''
AMTAR='${SHELL} /home/Ronald/darkbot/missing --run tar'
AUTOCONF='${SHELL} /home/Ronald/darkbot/missing --run autoconf'
AUTOHEADER='${SHELL} /home/Ronald/darkbot/missing --run autoheader'
AUTOMAKE='${SHELL} /home/Ronald/darkbot/missing --run automake-1.7'
AWK='gawk'
CC='gcc'
CCDEPMODE='depmode=gcc3'
CFLAGS='-g -O2'
CP='/usr/bin/cp'
CPP='gcc -E'
CPPFLAGS=''
CYGPATH_W='cygpath -w'
DEFS='-DHAVE_CONFIG_H'
DEPDIR='.deps'
ECHO_C=''
ECHO_N='-n'
ECHO_T=''
EGREP='/usr/bin/grep -E'
EXEEXT='.exe'
GREP='/usr/bin/grep'
INSTALL_DATA='${INSTALL} -m 644'
INSTALL_PROGRAM='${INSTALL}'
INSTALL_SCRIPT='${INSTALL}'
INSTALL_STRIP_PROGRAM='${SHELL} $(install_sh) -c -s'
LDFLAGS=''
LIBOBJS=''
LIBS='-luser32 '
LTLIBOBJS=''
MAINT='#'
MAINTAINER_MODE_FALSE=''
MAINTAINER_MODE_TRUE='#'
MAKEINFO='${SHELL} /home/Ronald/darkbot/missing --run makeinfo'
OBJEXT='o'
PACKAGE='darkbot'
PACKAGE_BUGREPORT='rnrbbns1983@gmail.com'
PACKAGE_NAME='Darkbot'
PACKAGE_STRING='Darkbot 8rc2'
PACKAGE_TARNAME='darkbot'
PACKAGE_URL=''
PACKAGE_VERSION='8rc2'
PATH_SEPARATOR=':'
RM='/usr/bin/rm'
SET_MAKE=''
SHELL='/bin/sh'
STRIP=''
VERSION='8rc2'
ac_ct_CC='gcc'
am__fastdepCC_FALSE='#'
am__fastdepCC_TRUE=''
am__include='include'
am__leading_dot='.'
am__quote=''
bindir='${exec_prefix}/bin'
build_alias=''
datadir='${datarootdir}'
datarootdir='${prefix}/share'
docdir='${datarootdir}/doc/${PACKAGE_TARNAME}'
dvidir='${docdir}'
exec_prefix='${prefix}'
host_alias=''
htmldir='${docdir}'
includedir='${prefix}/include'
infodir='${datarootdir}/info'
install_sh='/home/Ronald/darkbot/install-sh'
libdir='${exec_prefix}/lib'
libexecdir='${exec_prefix}/libexec'
localedir='${datarootdir}/locale'
localstatedir='${prefix}/var'
mandir='${datarootdir}/man'
oldincludedir='/usr/include'
pdfdir='${docdir}'
prefix='${HOME}/darkbot'
program_transform_name='s,x,x,'
psdir='${docdir}'
runstatedir='${localstatedir}/run'
sbindir='${exec_prefix}/sbin'
sharedstatedir='${prefix}/com'
sysconfdir='${prefix}/etc'
target_alias=''

## ----------- ##
## confdefs.h. ##
## ----------- ##

/* confdefs.h */
#define PACKAGE_NAME "Darkbot"
#define PACKAGE_TARNAME "darkbot"
#define PACKAGE_VERSION "8rc2"
#define PACKAGE_STRING "Darkbot 8rc2"
#define PACKAGE_BUGREPORT "rnrbbns1983@gmail.com"
#define PACKAGE_URL ""
#define PACKAGE "darkbot"
#define VERSION "8rc2"
#define HAVE_LIBUSER32 1
#define STDC_HEADERS 1
#define HAVE_SYS_TYPES_H 1
#define HAVE_SYS_STAT_H 1
#define HAVE_STDLIB_H 1
#define HAVE_STRING_H 1
#define HAVE_MEMORY_H 1
#define HAVE_STRINGS_H 1
#define HAVE_INTTYPES_H 1
#define HAVE_STDINT_H 1
#define HAVE_UNISTD_H 1
#define HAVE_DIRENT_H 1
#define STDC_HEADERS 1
#define HAVE_FCNTL_H 1
#define HAVE_SYS_TIME_H 1
#define HAVE_UNISTD_H 1
#define WIN32 /**/
#define TIME_WITH_SYS_TIME 1
#define RETSIGTYPE void
#define HAVE_VPRINTF 1
#define HAVE_SELECT 1
#define HAVE_SOCKET 1
#define HAVE_STRSPN 1
#define HAVE_STRSTR 1
#define HAVE_STRTOL 1
#define HAVE_SNPRINTF 1

configure: exit 0
